c:\users\jmanp\documents\sfml template\sfml template\sfml template\debug\sfml template.pch
c:\users\jmanp\documents\sfml template\sfml template\sfml template\debug\vc141.pdb
c:\users\jmanp\documents\sfml template\sfml template\sfml template\debug\vc141.idb
c:\users\jmanp\documents\sfml template\sfml template\sfml template\debug\stdafx.obj
c:\users\jmanp\documents\sfml template\sfml template\sfml template\debug\magic.obj
c:\users\jmanp\documents\sfml template\sfml template\sfml template\debug\magicboard.obj
c:\users\jmanp\documents\sfml template\sfml template\sfml template\debug\magicminion.obj
c:\users\jmanp\documents\sfml template\sfml template\sfml template\debug\magicplayer.obj
c:\users\jmanp\documents\sfml template\sfml template\sfml template\debug\magicsummon.obj
c:\users\jmanp\documents\sfml template\sfml template\sfml template\debug\mainmenustate.obj
c:\users\jmanp\documents\sfml template\sfml template\sfml template\debug\minion.obj
c:\users\jmanp\documents\sfml template\sfml template\sfml template\debug\minionbattlecry.obj
c:\users\jmanp\documents\sfml template\sfml template\sfml template\debug\minionfriendly.obj
c:\users\jmanp\documents\sfml template\sfml template\sfml template\debug\mypacket.obj
c:\users\jmanp\documents\sfml template\sfml template\sfml template\debug\main.obj
c:\users\jmanp\documents\sfml template\sfml template\sfml template\debug\searchingstate.obj
c:\users\jmanp\documents\sfml template\sfml template\sfml template\debug\shaman.obj
c:\users\jmanp\documents\sfml template\sfml template\sfml template\debug\splashstate.obj
c:\users\jmanp\documents\sfml template\sfml template\sfml template\debug\statemachine.obj
c:\users\jmanp\documents\sfml template\sfml template\sfml template\debug\totem.obj
c:\users\jmanp\documents\sfml template\sfml template\sfml template\debug\totemboard.obj
c:\users\jmanp\documents\sfml template\sfml template\sfml template\debug\totemfriendly.obj
c:\users\jmanp\documents\sfml template\sfml template\sfml template\debug\warrior.obj
c:\users\jmanp\documents\sfml template\sfml template\sfml template\debug\assetmanager.obj
c:\users\jmanp\documents\sfml template\sfml template\sfml template\debug\card.obj
c:\users\jmanp\documents\sfml template\sfml template\sfml template\debug\game.obj
c:\users\jmanp\documents\sfml template\sfml template\sfml template\debug\gameoverstate.obj
c:\users\jmanp\documents\sfml template\sfml template\sfml template\debug\gamestate.obj
c:\users\jmanp\documents\sfml template\sfml template\sfml template\debug\inputmanager.obj
c:\users\jmanp\documents\sfml template\sfml template\sfml template\debug\mage.obj
c:\users\jmanp\documents\sfml template\sfml template\sfml template\debug\totemplayer.obj
c:\users\jmanp\documents\sfml template\sfml template\sfml template\debug\player.obj
c:\users\jmanp\documents\sfml template\sfml template\debug\sfml template.exe
c:\users\jmanp\documents\sfml template\sfml template\debug\sfml template.ilk
c:\users\jmanp\documents\sfml template\sfml template\debug\sfml template.pdb
c:\users\jmanp\documents\sfml template\sfml template\sfml template\debug\sfml template.tlog\cl.command.1.tlog
c:\users\jmanp\documents\sfml template\sfml template\sfml template\debug\sfml template.tlog\cl.read.1.tlog
c:\users\jmanp\documents\sfml template\sfml template\sfml template\debug\sfml template.tlog\cl.write.1.tlog
c:\users\jmanp\documents\sfml template\sfml template\sfml template\debug\sfml template.tlog\link.command.1.tlog
c:\users\jmanp\documents\sfml template\sfml template\sfml template\debug\sfml template.tlog\link.read.1.tlog
c:\users\jmanp\documents\sfml template\sfml template\sfml template\debug\sfml template.tlog\link.write.1.tlog
