  stdafx.cpp
  Warrior.cpp
c:\users\jmanp\documents\the kingdom\the kingdom\sfml template\cardfactory.h(151): warning C4018: '<': signed/unsigned mismatch
  TotemPlayer.cpp
  TotemFriendly.cpp
  TotemBoard.cpp
  Totem.cpp
  StateMachine.cpp
  SplashState.cpp
  Shaman.cpp
c:\users\jmanp\documents\the kingdom\the kingdom\sfml template\cardfactory.h(151): warning C4018: '<': signed/unsigned mismatch
  SearchingState.cpp
c:\users\jmanp\documents\the kingdom\the kingdom\sfml template\cardfactory.h(151): warning C4018: '<': signed/unsigned mismatch
  main.cpp
  MyPacket.cpp
c:\users\jmanp\documents\the kingdom\the kingdom\sfml template\cardfactory.h(151): warning C4018: '<': signed/unsigned mismatch
c:\users\jmanp\documents\the kingdom\the kingdom\sfml template\mypacket.cpp(37): warning C4018: '<': signed/unsigned mismatch
c:\users\jmanp\documents\the kingdom\the kingdom\sfml template\mypacket.cpp(49): warning C4018: '<': signed/unsigned mismatch
  MinionFriendly.cpp
  MinionBattleCry.cpp
  Minion.cpp
  MainMenuState.cpp
  MagicSummon.cpp
  MagicPlayer.cpp
  MagicMinion.cpp
  MagicBoard.cpp
  Magic.cpp
  Generating Code...
c:\users\jmanp\documents\the kingdom\the kingdom\sfml template\mypacket.cpp(95): warning C4715: 'MyPacket::initOpponent': not all control paths return a value
  Compiling...
  Mage.cpp
c:\users\jmanp\documents\the kingdom\the kingdom\sfml template\cardfactory.h(151): warning C4018: '<': signed/unsigned mismatch
  InputManager.cpp
c:\users\jmanp\documents\the kingdom\the kingdom\sfml template\inputmanager.cpp(9): warning C4244: 'argument': conversion from 'float' to 'int', possible loss of data
c:\users\jmanp\documents\the kingdom\the kingdom\sfml template\inputmanager.cpp(9): warning C4244: 'argument': conversion from 'const float' to 'int', possible loss of data
c:\users\jmanp\documents\the kingdom\the kingdom\sfml template\inputmanager.cpp(23): warning C4244: 'argument': conversion from 'float' to 'int', possible loss of data
c:\users\jmanp\documents\the kingdom\the kingdom\sfml template\inputmanager.cpp(23): warning C4244: 'argument': conversion from 'const float' to 'int', possible loss of data
  GameState.cpp
c:\users\jmanp\documents\the kingdom\the kingdom\sfml template\cardfactory.h(151): warning C4018: '<': signed/unsigned mismatch
c:\users\jmanp\documents\the kingdom\the kingdom\sfml template\gamestate.cpp(133): warning C4018: '<': signed/unsigned mismatch
c:\users\jmanp\documents\the kingdom\the kingdom\sfml template\gamestate.cpp(140): warning C4018: '<': signed/unsigned mismatch
c:\users\jmanp\documents\the kingdom\the kingdom\sfml template\gamestate.cpp(153): warning C4018: '<': signed/unsigned mismatch
c:\users\jmanp\documents\the kingdom\the kingdom\sfml template\gamestate.cpp(185): warning C4018: '<': signed/unsigned mismatch
c:\users\jmanp\documents\the kingdom\the kingdom\sfml template\gamestate.cpp(191): warning C4018: '<': signed/unsigned mismatch
c:\users\jmanp\documents\the kingdom\the kingdom\sfml template\gamestate.cpp(275): warning C4018: '<': signed/unsigned mismatch
c:\users\jmanp\documents\the kingdom\the kingdom\sfml template\gamestate.cpp(277): warning C4244: 'argument': conversion from 'float' to 'int', possible loss of data
c:\users\jmanp\documents\the kingdom\the kingdom\sfml template\gamestate.cpp(279): warning C4244: '+=': conversion from 'float' to 'int', possible loss of data
c:\users\jmanp\documents\the kingdom\the kingdom\sfml template\gamestate.cpp(284): warning C4018: '<': signed/unsigned mismatch
c:\users\jmanp\documents\the kingdom\the kingdom\sfml template\gamestate.cpp(287): warning C4244: 'argument': conversion from 'float' to 'int', possible loss of data
c:\users\jmanp\documents\the kingdom\the kingdom\sfml template\gamestate.cpp(289): warning C4244: 'argument': conversion from 'float' to 'int', possible loss of data
c:\users\jmanp\documents\the kingdom\the kingdom\sfml template\gamestate.cpp(292): warning C4244: '+=': conversion from 'float' to 'int', possible loss of data
c:\users\jmanp\documents\the kingdom\the kingdom\sfml template\gamestate.cpp(298): warning C4018: '<': signed/unsigned mismatch
c:\users\jmanp\documents\the kingdom\the kingdom\sfml template\gamestate.cpp(299): warning C4244: 'argument': conversion from 'double' to 'float', possible loss of data
  GameOverState.cpp
c:\users\jmanp\documents\the kingdom\the kingdom\sfml template\cardfactory.h(151): warning C4018: '<': signed/unsigned mismatch
  Game.cpp
  Card.cpp
c:\users\jmanp\documents\the kingdom\the kingdom\sfml template\card.cpp(72): warning C4244: 'argument': conversion from 'int' to 'float', possible loss of data
  AssetManager.cpp
  Generating Code...
  Player.cpp
c:\users\jmanp\documents\the kingdom\the kingdom\sfml template\cardfactory.h(151): warning C4018: '<': signed/unsigned mismatch
c:\users\jmanp\documents\the kingdom\the kingdom\sfml template\player.cpp(68): warning C4244: 'argument': conversion from 'double' to 'float', possible loss of data
c:\users\jmanp\documents\the kingdom\the kingdom\sfml template\player.cpp(70): warning C4244: 'argument': conversion from 'double' to 'float', possible loss of data
c:\users\jmanp\documents\the kingdom\the kingdom\sfml template\player.cpp(77): warning C4018: '<': signed/unsigned mismatch
c:\users\jmanp\documents\the kingdom\the kingdom\sfml template\player.cpp(80): warning C4244: 'argument': conversion from 'float' to 'int', possible loss of data
c:\users\jmanp\documents\the kingdom\the kingdom\sfml template\player.cpp(82): warning C4244: 'argument': conversion from 'double' to 'int', possible loss of data
c:\users\jmanp\documents\the kingdom\the kingdom\sfml template\player.cpp(85): warning C4244: '+=': conversion from 'float' to 'int', possible loss of data
  SFML Template.vcxproj -> C:\Users\jmanp\Documents\The Kingdom\The Kingdom\Debug\SFML Template.exe
