C:\Program Files (x86)\Microsoft Visual Studio\2017\Community\Common7\IDE\VC\VCTargets\Microsoft.CppBuild.targets(387,5): warning MSB8028: The intermediate directory (Debug\) contains files shared from another project (SFML Template.vcxproj).  This can lead to incorrect clean and rebuild behavior.
  Warrior.cpp
c:\users\jmanp\documents\the kingdom\the kingdom\the kingdom\cardfactory.h(151): warning C4018: '<': signed/unsigned mismatch
  TotemPlayer.cpp
  TotemFriendly.cpp
  TotemBoard.cpp
  Totem.cpp
  StateMachine.cpp
  SplashState.cpp
  Shaman.cpp
c:\users\jmanp\documents\the kingdom\the kingdom\the kingdom\cardfactory.h(151): warning C4018: '<': signed/unsigned mismatch
  SearchingState.cpp
c:\users\jmanp\documents\the kingdom\the kingdom\the kingdom\cardfactory.h(151): warning C4018: '<': signed/unsigned mismatch
  main.cpp
  MyPacket.cpp
c:\users\jmanp\documents\the kingdom\the kingdom\the kingdom\cardfactory.h(151): warning C4018: '<': signed/unsigned mismatch
c:\users\jmanp\documents\the kingdom\the kingdom\the kingdom\mypacket.cpp(37): warning C4018: '<': signed/unsigned mismatch
c:\users\jmanp\documents\the kingdom\the kingdom\the kingdom\mypacket.cpp(49): warning C4018: '<': signed/unsigned mismatch
  MinionFriendly.cpp
  MinionBattleCry.cpp
  Minion.cpp
  MainMenuState.cpp
  MagicSummon.cpp
  MagicPlayer.cpp
  MagicMinion.cpp
  MagicBoard.cpp
  Magic.cpp
  Generating Code...
c:\users\jmanp\documents\the kingdom\the kingdom\the kingdom\mypacket.cpp(95): warning C4715: 'MyPacket::initOpponent': not all control paths return a value
  Compiling...
  Mage.cpp
c:\users\jmanp\documents\the kingdom\the kingdom\the kingdom\cardfactory.h(151): warning C4018: '<': signed/unsigned mismatch
  InputManager.cpp
c:\users\jmanp\documents\the kingdom\the kingdom\the kingdom\inputmanager.cpp(9): warning C4244: 'argument': conversion from 'float' to 'int', possible loss of data
c:\users\jmanp\documents\the kingdom\the kingdom\the kingdom\inputmanager.cpp(9): warning C4244: 'argument': conversion from 'const float' to 'int', possible loss of data
c:\users\jmanp\documents\the kingdom\the kingdom\the kingdom\inputmanager.cpp(23): warning C4244: 'argument': conversion from 'float' to 'int', possible loss of data
c:\users\jmanp\documents\the kingdom\the kingdom\the kingdom\inputmanager.cpp(23): warning C4244: 'argument': conversion from 'const float' to 'int', possible loss of data
  Board.cpp
c:\users\jmanp\documents\the kingdom\the kingdom\the kingdom\cardfactory.h(151): warning C4018: '<': signed/unsigned mismatch
c:\users\jmanp\documents\the kingdom\the kingdom\the kingdom\board.cpp(132): warning C4018: '<': signed/unsigned mismatch
c:\users\jmanp\documents\the kingdom\the kingdom\the kingdom\board.cpp(139): warning C4018: '<': signed/unsigned mismatch
c:\users\jmanp\documents\the kingdom\the kingdom\the kingdom\board.cpp(152): warning C4018: '<': signed/unsigned mismatch
c:\users\jmanp\documents\the kingdom\the kingdom\the kingdom\board.cpp(184): warning C4018: '<': signed/unsigned mismatch
c:\users\jmanp\documents\the kingdom\the kingdom\the kingdom\board.cpp(190): warning C4018: '<': signed/unsigned mismatch
c:\users\jmanp\documents\the kingdom\the kingdom\the kingdom\board.cpp(274): warning C4018: '<': signed/unsigned mismatch
c:\users\jmanp\documents\the kingdom\the kingdom\the kingdom\board.cpp(276): warning C4244: 'argument': conversion from 'float' to 'int', possible loss of data
c:\users\jmanp\documents\the kingdom\the kingdom\the kingdom\board.cpp(278): warning C4244: '+=': conversion from 'float' to 'int', possible loss of data
c:\users\jmanp\documents\the kingdom\the kingdom\the kingdom\board.cpp(283): warning C4018: '<': signed/unsigned mismatch
c:\users\jmanp\documents\the kingdom\the kingdom\the kingdom\board.cpp(286): warning C4244: 'argument': conversion from 'float' to 'int', possible loss of data
c:\users\jmanp\documents\the kingdom\the kingdom\the kingdom\board.cpp(288): warning C4244: 'argument': conversion from 'float' to 'int', possible loss of data
c:\users\jmanp\documents\the kingdom\the kingdom\the kingdom\board.cpp(291): warning C4244: '+=': conversion from 'float' to 'int', possible loss of data
c:\users\jmanp\documents\the kingdom\the kingdom\the kingdom\board.cpp(297): warning C4018: '<': signed/unsigned mismatch
c:\users\jmanp\documents\the kingdom\the kingdom\the kingdom\board.cpp(298): warning C4244: 'argument': conversion from 'double' to 'float', possible loss of data
  GameOverState.cpp
c:\users\jmanp\documents\the kingdom\the kingdom\the kingdom\cardfactory.h(151): warning C4018: '<': signed/unsigned mismatch
  Game.cpp
  Card.cpp
c:\users\jmanp\documents\the kingdom\the kingdom\the kingdom\card.cpp(72): warning C4244: 'argument': conversion from 'int' to 'float', possible loss of data
  AssetManager.cpp
  Generating Code...
  Compiling...
  Player.cpp
c:\users\jmanp\documents\the kingdom\the kingdom\the kingdom\cardfactory.h(151): warning C4018: '<': signed/unsigned mismatch
c:\users\jmanp\documents\the kingdom\the kingdom\the kingdom\player.cpp(68): warning C4244: 'argument': conversion from 'double' to 'float', possible loss of data
c:\users\jmanp\documents\the kingdom\the kingdom\the kingdom\player.cpp(70): warning C4244: 'argument': conversion from 'double' to 'float', possible loss of data
c:\users\jmanp\documents\the kingdom\the kingdom\the kingdom\player.cpp(77): warning C4018: '<': signed/unsigned mismatch
c:\users\jmanp\documents\the kingdom\the kingdom\the kingdom\player.cpp(80): warning C4244: 'argument': conversion from 'float' to 'int', possible loss of data
c:\users\jmanp\documents\the kingdom\the kingdom\the kingdom\player.cpp(82): warning C4244: 'argument': conversion from 'double' to 'int', possible loss of data
c:\users\jmanp\documents\the kingdom\the kingdom\the kingdom\player.cpp(85): warning C4244: '+=': conversion from 'float' to 'int', possible loss of data
  Generating Code...
  The Kingdom.vcxproj -> C:\Users\jmanp\Documents\The Kingdom\The Kingdom\Debug\The Kingdom.exe
