C:\Program Files (x86)\Microsoft Visual Studio\2017\Community\Common7\IDE\VC\VCTargets\Microsoft.CppBuild.targets(387,5): warning MSB8028: The intermediate directory (x64\Debug\) contains files shared from another project (SFML Template.vcxproj).  This can lead to incorrect clean and rebuild behavior.
  Warrior.cpp
c:\users\jmanp\documents\the kingdom\the kingdom\the kingdom\cardfactory.h(151): warning C4018: '<': signed/unsigned mismatch
  TotemPlayer.cpp
  TotemFriendly.cpp
  TotemBoard.cpp
  Totem.cpp
  StateMachine.cpp
  SplashState.cpp
  Shaman.cpp
c:\users\jmanp\documents\the kingdom\the kingdom\the kingdom\cardfactory.h(151): warning C4018: '<': signed/unsigned mismatch
  SearchingState.cpp
c:\users\jmanp\documents\the kingdom\the kingdom\the kingdom\cardfactory.h(151): warning C4018: '<': signed/unsigned mismatch
  main.cpp
  Player.cpp
c:\users\jmanp\documents\the kingdom\the kingdom\the kingdom\cardfactory.h(151): warning C4018: '<': signed/unsigned mismatch
c:\users\jmanp\documents\the kingdom\the kingdom\the kingdom\player.cpp(68): warning C4244: 'argument': conversion from 'double' to 'float', possible loss of data
c:\users\jmanp\documents\the kingdom\the kingdom\the kingdom\player.cpp(70): warning C4244: 'argument': conversion from 'double' to 'float', possible loss of data
c:\users\jmanp\documents\the kingdom\the kingdom\the kingdom\player.cpp(80): warning C4244: 'argument': conversion from 'float' to 'int', possible loss of data
c:\users\jmanp\documents\the kingdom\the kingdom\the kingdom\player.cpp(82): warning C4244: 'argument': conversion from 'double' to 'int', possible loss of data
c:\users\jmanp\documents\the kingdom\the kingdom\the kingdom\player.cpp(85): warning C4244: '+=': conversion from 'float' to 'int', possible loss of data
  MyPacket.cpp
c:\users\jmanp\documents\the kingdom\the kingdom\the kingdom\cardfactory.h(151): warning C4018: '<': signed/unsigned mismatch
c:\users\jmanp\documents\the kingdom\the kingdom\the kingdom\mypacket.cpp(26): warning C4267: 'initializing': conversion from 'size_t' to 'sf::Uint32', possible loss of data
  MinionFriendly.cpp
  MinionBattleCry.cpp
  Minion.cpp
  MainMenuState.cpp
  MagicSummon.cpp
  MagicPlayer.cpp
  MagicMinion.cpp
  MagicBoard.cpp
  Generating Code...
c:\users\jmanp\documents\the kingdom\the kingdom\the kingdom\mypacket.cpp(95): warning C4715: 'MyPacket::initOpponent': not all control paths return a value
  Compiling...
  Magic.cpp
  Mage.cpp
c:\users\jmanp\documents\the kingdom\the kingdom\the kingdom\cardfactory.h(151): warning C4018: '<': signed/unsigned mismatch
  InputManager.cpp
c:\users\jmanp\documents\the kingdom\the kingdom\the kingdom\inputmanager.cpp(9): warning C4244: 'argument': conversion from 'float' to 'int', possible loss of data
c:\users\jmanp\documents\the kingdom\the kingdom\the kingdom\inputmanager.cpp(9): warning C4244: 'argument': conversion from 'const float' to 'int', possible loss of data
c:\users\jmanp\documents\the kingdom\the kingdom\the kingdom\inputmanager.cpp(23): warning C4244: 'argument': conversion from 'float' to 'int', possible loss of data
c:\users\jmanp\documents\the kingdom\the kingdom\the kingdom\inputmanager.cpp(23): warning C4244: 'argument': conversion from 'const float' to 'int', possible loss of data
  Board.cpp
c:\users\jmanp\documents\the kingdom\the kingdom\the kingdom\cardfactory.h(151): warning C4018: '<': signed/unsigned mismatch
c:\users\jmanp\documents\the kingdom\the kingdom\the kingdom\board.cpp(276): warning C4244: 'argument': conversion from 'float' to 'int', possible loss of data
c:\users\jmanp\documents\the kingdom\the kingdom\the kingdom\board.cpp(278): warning C4244: '+=': conversion from 'float' to 'int', possible loss of data
c:\users\jmanp\documents\the kingdom\the kingdom\the kingdom\board.cpp(286): warning C4244: 'argument': conversion from 'float' to 'int', possible loss of data
c:\users\jmanp\documents\the kingdom\the kingdom\the kingdom\board.cpp(288): warning C4244: 'argument': conversion from 'float' to 'int', possible loss of data
c:\users\jmanp\documents\the kingdom\the kingdom\the kingdom\board.cpp(291): warning C4244: '+=': conversion from 'float' to 'int', possible loss of data
c:\users\jmanp\documents\the kingdom\the kingdom\the kingdom\board.cpp(298): warning C4244: 'argument': conversion from 'double' to 'float', possible loss of data
  GameOverState.cpp
c:\users\jmanp\documents\the kingdom\the kingdom\the kingdom\cardfactory.h(151): warning C4018: '<': signed/unsigned mismatch
  Game.cpp
  Card.cpp
c:\users\jmanp\documents\the kingdom\the kingdom\the kingdom\card.cpp(72): warning C4244: 'argument': conversion from 'int' to 'float', possible loss of data
  AssetManager.cpp
  Generating Code...
sfml-graphics-d.lib(sfml-graphics-d-2.dll) : fatal error LNK1112: module machine type 'x86' conflicts with target machine type 'x64'
